<?xml version="1.0" encoding="UTF-8" ?>
<testsuite tests="37" failures="0" name="org.apache.jasper.compiler.TestELParser" time="0.024" errors="0" skipped="0">
  <properties>
    <property name="java.runtime.name" value="Java(TM) SE Runtime Environment"/>
    <property name="sun.boot.library.path" value="/home/dustin/Java/jdk1.8.0_151/jre/lib/i386"/>
    <property name="java.vm.version" value="25.151-b12"/>
    <property name="java.vm.vendor" value="Oracle Corporation"/>
    <property name="maven.multiModuleProjectDirectory" value="/home/dustin/Git/repo-09/Tomcat"/>
    <property name="java.vendor.url" value="http://java.oracle.com/"/>
    <property name="path.separator" value=":"/>
    <property name="guice.disable.misplaced.annotation.check" value="true"/>
    <property name="java.vm.name" value="Java HotSpot(TM) Client VM"/>
    <property name="file.encoding.pkg" value="sun.io"/>
    <property name="user.country" value="US"/>
    <property name="sun.java.launcher" value="SUN_STANDARD"/>
    <property name="sun.os.patch.level" value="unknown"/>
    <property name="java.vm.specification.name" value="Java Virtual Machine Specification"/>
    <property name="user.dir" value="/home/dustin/Git/repo-09/Tomcat"/>
    <property name="java.runtime.version" value="1.8.0_151-b12"/>
    <property name="java.awt.graphicsenv" value="sun.awt.X11GraphicsEnvironment"/>
    <property name="java.endorsed.dirs" value="/home/dustin/Java/jdk1.8.0_151/jre/lib/endorsed"/>
    <property name="os.arch" value="i386"/>
    <property name="java.io.tmpdir" value="/tmp"/>
    <property name="line.separator" value="
"/>
    <property name="java.vm.specification.vendor" value="Oracle Corporation"/>
    <property name="os.name" value="Linux"/>
    <property name="classworlds.conf" value="/home/dustin/Maven/apache-maven-3.5.2/bin/m2.conf"/>
    <property name="sun.jnu.encoding" value="UTF-8"/>
    <property name="java.library.path" value="/usr/java/packages/lib/i386:/lib:/usr/lib"/>
    <property name="maven.conf" value="/home/dustin/Maven/apache-maven-3.5.2/conf"/>
    <property name="java.specification.name" value="Java Platform API Specification"/>
    <property name="java.class.version" value="52.0"/>
    <property name="sun.management.compiler" value="HotSpot Client Compiler"/>
    <property name="os.version" value="4.10.0-37-generic"/>
    <property name="library.jansi.path" value="/home/dustin/Maven/apache-maven-3.5.2/lib/jansi-native"/>
    <property name="user.home" value="/home/dustin"/>
    <property name="user.timezone" value="Europe/Berlin"/>
    <property name="java.awt.printerjob" value="sun.print.PSPrinterJob"/>
    <property name="java.specification.version" value="1.8"/>
    <property name="file.encoding" value="UTF-8"/>
    <property name="user.name" value="dustin"/>
    <property name="java.class.path" value="/home/dustin/Maven/apache-maven-3.5.2/boot/plexus-classworlds-2.5.2.jar"/>
    <property name="java.vm.specification.version" value="1.8"/>
    <property name="sun.arch.data.model" value="32"/>
    <property name="java.home" value="/home/dustin/Java/jdk1.8.0_151/jre"/>
    <property name="sun.java.command" value="org.codehaus.plexus.classworlds.launcher.Launcher package"/>
    <property name="java.specification.vendor" value="Oracle Corporation"/>
    <property name="user.language" value="en"/>
    <property name="awt.toolkit" value="sun.awt.X11.XToolkit"/>
    <property name="java.vm.info" value="mixed mode"/>
    <property name="java.version" value="1.8.0_151"/>
    <property name="java.ext.dirs" value="/home/dustin/Java/jdk1.8.0_151/jre/lib/ext:/usr/java/packages/lib/ext"/>
    <property name="securerandom.source" value="file:/dev/./urandom"/>
    <property name="sun.boot.class.path" value="/home/dustin/Java/jdk1.8.0_151/jre/lib/resources.jar:/home/dustin/Java/jdk1.8.0_151/jre/lib/rt.jar:/home/dustin/Java/jdk1.8.0_151/jre/lib/sunrsasign.jar:/home/dustin/Java/jdk1.8.0_151/jre/lib/jsse.jar:/home/dustin/Java/jdk1.8.0_151/jre/lib/jce.jar:/home/dustin/Java/jdk1.8.0_151/jre/lib/charsets.jar:/home/dustin/Java/jdk1.8.0_151/jre/lib/jfr.jar:/home/dustin/Java/jdk1.8.0_151/jre/classes"/>
    <property name="java.vendor" value="Oracle Corporation"/>
    <property name="maven.home" value="/home/dustin/Maven/apache-maven-3.5.2"/>
    <property name="file.separator" value="/"/>
    <property name="java.vendor.url.bug" value="http://bugreport.sun.com/bugreport/"/>
    <property name="sun.cpu.endian" value="little"/>
    <property name="sun.io.unicode.encoding" value="UnicodeLittle"/>
    <property name="sun.cpu.isalist" value=""/>
  </properties>
  <testcase classname="org.apache.jasper.compiler.TestELParser" name="testEscape01" time="0"/>
  <testcase classname="org.apache.jasper.compiler.TestELParser" name="testEscape02" time="0.005"/>
  <testcase classname="org.apache.jasper.compiler.TestELParser" name="testEscape03" time="0"/>
  <testcase classname="org.apache.jasper.compiler.TestELParser" name="testEscape04" time="0"/>
  <testcase classname="org.apache.jasper.compiler.TestELParser" name="testEscape05" time="0"/>
  <testcase classname="org.apache.jasper.compiler.TestELParser" name="testEscape07" time="0.001"/>
  <testcase classname="org.apache.jasper.compiler.TestELParser" name="testEscape08" time="0"/>
  <testcase classname="org.apache.jasper.compiler.TestELParser" name="testEscape09" time="0"/>
  <testcase classname="org.apache.jasper.compiler.TestELParser" name="testEscape10" time="0"/>
  <testcase classname="org.apache.jasper.compiler.TestELParser" name="testTernary01" time="0"/>
  <testcase classname="org.apache.jasper.compiler.TestELParser" name="testTernary02" time="0.001"/>
  <testcase classname="org.apache.jasper.compiler.TestELParser" name="testTernary03" time="0.001"/>
  <testcase classname="org.apache.jasper.compiler.TestELParser" name="testTernary04" time="0"/>
  <testcase classname="org.apache.jasper.compiler.TestELParser" name="testTernary05" time="0"/>
  <testcase classname="org.apache.jasper.compiler.TestELParser" name="testTernary06" time="0.007"/>
  <testcase classname="org.apache.jasper.compiler.TestELParser" name="testTernary07" time="0"/>
  <testcase classname="org.apache.jasper.compiler.TestELParser" name="testTernary08" time="0"/>
  <testcase classname="org.apache.jasper.compiler.TestELParser" name="testTernary09" time="0"/>
  <testcase classname="org.apache.jasper.compiler.TestELParser" name="testTernary10" time="0.001"/>
  <testcase classname="org.apache.jasper.compiler.TestELParser" name="testTernary11" time="0"/>
  <testcase classname="org.apache.jasper.compiler.TestELParser" name="testTernary12" time="0.001"/>
  <testcase classname="org.apache.jasper.compiler.TestELParser" name="testTernary13" time="0"/>
  <testcase classname="org.apache.jasper.compiler.TestELParser" name="testCompound01" time="0.001"/>
  <testcase classname="org.apache.jasper.compiler.TestELParser" name="testCompound02" time="0"/>
  <testcase classname="org.apache.jasper.compiler.TestELParser" name="testCompound03" time="0"/>
  <testcase classname="org.apache.jasper.compiler.TestELParser" name="testText" time="0"/>
  <testcase classname="org.apache.jasper.compiler.TestELParser" name="testFunction01" time="0"/>
  <testcase classname="org.apache.jasper.compiler.TestELParser" name="testFunction02" time="0"/>
  <testcase classname="org.apache.jasper.compiler.TestELParser" name="testFunction03" time="0.004"/>
  <testcase classname="org.apache.jasper.compiler.TestELParser" name="testFunction04" time="0"/>
  <testcase classname="org.apache.jasper.compiler.TestELParser" name="testFunction05" time="0"/>
  <testcase classname="org.apache.jasper.compiler.TestELParser" name="testVariable" time="0"/>
  <testcase classname="org.apache.jasper.compiler.TestELParser" name="testLiteral" time="0.001"/>
  <testcase classname="org.apache.jasper.compiler.TestELParser" name="testQuotes01" time="0.001"/>
  <testcase classname="org.apache.jasper.compiler.TestELParser" name="testQuotes02" time="0"/>
  <testcase classname="org.apache.jasper.compiler.TestELParser" name="testQuotes03" time="0"/>
  <testcase classname="org.apache.jasper.compiler.TestELParser" name="testTernaryBug56031" time="0"/>
</testsuite>